<?xml version="1.0" encoding="UTF-8"?>
<coverage generated="1745421950171" clover="3.2.0">
  <project timestamp="1745421950171" name="All files">
    <metrics statements="11" coveredstatements="11" conditionals="8" coveredconditionals="8" methods="3" coveredmethods="3" elements="22" coveredelements="22" complexity="0" loc="11" ncloc="11" packages="1" files="1" classes="1"/>
    <file name="Notification.js" path="D:\Cedt1-2\sweng\softserve\se-project-backend-17_soft-serve\models\Notification.js">
      <metrics statements="11" coveredstatements="11" conditionals="8" coveredconditionals="8" methods="3" coveredmethods="3"/>
      <line num="1" count="1" type="stmt"/>
      <line num="3" count="1" type="stmt"/>
      <line num="16" count="16" type="cond" truecount="4" falsecount="0"/>
      <line num="17" count="13" type="stmt"/>
      <line num="19" count="3" type="stmt"/>
      <line num="29" count="17" type="cond" truecount="2" falsecount="0"/>
      <line num="30" count="11" type="stmt"/>
      <line num="33" count="6" type="stmt"/>
      <line num="48" count="18" type="stmt"/>
      <line num="49" count="18" type="stmt"/>
      <line num="69" count="1" type="stmt"/>
    </file>
  </project>
</coverage>
