{"D:\\Cedt1-2\\sweng\\softserve\\se-project-backend-17_soft-serve\\models\\Notification.js": {"path":"D:\\Cedt1-2\\sweng\\softserve\\se-project-backend-17_soft-serve\\models\\Notification.js","statementMap":{"0":{"start":{"line":1,"column":17},"end":{"line":1,"column":36}},"1":{"start":{"line":3,"column":27},"end":{"line":67,"column":2}},"2":{"start":{"line":16,"column":10},"end":{"line":18,"column":11}},"3":{"start":{"line":17,"column":12},"end":{"line":17,"column":33}},"4":{"start":{"line":19,"column":12},"end":{"line":19,"column":24}},"5":{"start":{"line":29,"column":10},"end":{"line":31,"column":11}},"6":{"start":{"line":30,"column":12},"end":{"line":30,"column":33}},"7":{"start":{"line":33,"column":10},"end":{"line":33,"column":22}},"8":{"start":{"line":48,"column":33},"end":{"line":48,"column":75}},"9":{"start":{"line":49,"column":10},"end":{"line":52,"column":12}},"10":{"start":{"line":69,"column":0},"end":{"line":69,"column":68}}},"fnMap":{"0":{"name":"(anonymous_0)","decl":{"start":{"line":15,"column":19},"end":{"line":15,"column":20}},"loc":{"start":{"line":15,"column":35},"end":{"line":20,"column":9}},"line":15},"1":{"name":"(anonymous_1)","decl":{"start":{"line":28,"column":19},"end":{"line":28,"column":20}},"loc":{"start":{"line":28,"column":35},"end":{"line":34,"column":9}},"line":28},"2":{"name":"(anonymous_2)","decl":{"start":{"line":47,"column":19},"end":{"line":47,"column":20}},"loc":{"start":{"line":47,"column":35},"end":{"line":53,"column":9}},"line":47}},"branchMap":{"0":{"loc":{"start":{"line":16,"column":10},"end":{"line":18,"column":11}},"type":"if","locations":[{"start":{"line":16,"column":10},"end":{"line":18,"column":11}},{"start":{},"end":{}}],"line":16},"1":{"loc":{"start":{"line":16,"column":14},"end":{"line":16,"column":82}},"type":"binary-expr","locations":[{"start":{"line":16,"column":14},"end":{"line":16,"column":40}},{"start":{"line":16,"column":44},"end":{"line":16,"column":82}}],"line":16},"2":{"loc":{"start":{"line":29,"column":10},"end":{"line":31,"column":11}},"type":"if","locations":[{"start":{"line":29,"column":10},"end":{"line":31,"column":11}},{"start":{},"end":{}}],"line":29},"3":{"loc":{"start":{"line":50,"column":12},"end":{"line":51,"column":50}},"type":"binary-expr","locations":[{"start":{"line":50,"column":12},"end":{"line":50,"column":42}},{"start":{"line":51,"column":12},"end":{"line":51,"column":50}}],"line":50}},"s":{"0":1,"1":1,"2":16,"3":13,"4":3,"5":17,"6":11,"7":6,"8":18,"9":18,"10":1},"f":{"0":16,"1":17,"2":18},"b":{"0":[13,3],"1":[16,14],"2":[11,6],"3":[18,2]},"_coverageSchema":"1a1c01bbd47fc00a2c39e90264f33305004495a9","hash":"bb35a74847b10ba594c72fee36d53a416632f71f"}
}
